Compiling the C compiler identification source file "CMakeCCompilerId.c" failed.
Compiler: /usr/local/bin/aarch64-none-elf-gcc 
Build flags: 
Id flags:  

The output was:
1
/Applications/ArmGNUToolchain/11.3.rel1/aarch64-none-elf/bin/../lib/gcc/aarch64-none-elf/11.3.1/../../../../aarch64-none-elf/bin/ld: /Applications/ArmGNUToolchain/11.3.rel1/aarch64-none-elf/bin/../lib/gcc/aarch64-none-elf/11.3.1/../../../../aarch64-none-elf/lib/libc.a(libc_a-exit.o): in function `exit':
/Volumes/data/jenkins/workspace/GNU-toolchain/arm-11/src/newlib-cygwin/newlib/libc/stdlib/exit.c:65: undefined reference to `_exit'
/Applications/ArmGNUToolchain/11.3.rel1/aarch64-none-elf/bin/../lib/gcc/aarch64-none-elf/11.3.1/../../../../aarch64-none-elf/bin/ld: /Applications/ArmGNUToolchain/11.3.rel1/aarch64-none-elf/bin/../lib/gcc/aarch64-none-elf/11.3.1/../../../../aarch64-none-elf/lib/libc.a(libc_a-closer.o): in function `_close_r':
/Volumes/data/jenkins/workspace/GNU-toolchain/arm-11/src/newlib-cygwin/newlib/libc/reent/closer.c:47: undefined reference to `_close'
/Applications/ArmGNUToolchain/11.3.rel1/aarch64-none-elf/bin/../lib/gcc/aarch64-none-elf/11.3.1/../../../../aarch64-none-elf/bin/ld: /Applications/ArmGNUToolchain/11.3.rel1/aarch64-none-elf/bin/../lib/gcc/aarch64-none-elf/11.3.1/../../../../aarch64-none-elf/lib/libc.a(libc_a-lseekr.o): in function `_lseek_r':
/Volumes/data/jenkins/workspace/GNU-toolchain/arm-11/src/newlib-cygwin/newlib/libc/reent/lseekr.c:49: undefined reference to `_lseek'
/Applications/ArmGNUToolchain/11.3.rel1/aarch64-none-elf/bin/../lib/gcc/aarch64-none-elf/11.3.1/../../../../aarch64-none-elf/bin/ld: /Applications/ArmGNUToolchain/11.3.rel1/aarch64-none-elf/bin/../lib/gcc/aarch64-none-elf/11.3.1/../../../../aarch64-none-elf/lib/libc.a(libc_a-readr.o): in function `_read_r':
/Volumes/data/jenkins/workspace/GNU-toolchain/arm-11/src/newlib-cygwin/newlib/libc/reent/readr.c:49: undefined reference to `_read'
/Applications/ArmGNUToolchain/11.3.rel1/aarch64-none-elf/bin/../lib/gcc/aarch64-none-elf/11.3.1/../../../../aarch64-none-elf/bin/ld: /Applications/ArmGNUToolchain/11.3.rel1/aarch64-none-elf/bin/../lib/gcc/aarch64-none-elf/11.3.1/../../../../aarch64-none-elf/lib/libc.a(libc_a-sbrkr.o): in function `_sbrk_r':
/Volumes/data/jenkins/workspace/GNU-toolchain/arm-11/src/newlib-cygwin/newlib/libc/reent/sbrkr.c:51: undefined reference to `_sbrk'
/Applications/ArmGNUToolchain/11.3.rel1/aarch64-none-elf/bin/../lib/gcc/aarch64-none-elf/11.3.1/../../../../aarch64-none-elf/bin/ld: /Applications/ArmGNUToolchain/11.3.rel1/aarch64-none-elf/bin/../lib/gcc/aarch64-none-elf/11.3.1/../../../../aarch64-none-elf/lib/libc.a(libc_a-writer.o): in function `_write_r':
/Volumes/data/jenkins/workspace/GNU-toolchain/arm-11/src/newlib-cygwin/newlib/libc/reent/writer.c:49: undefined reference to `_write'
collect2: error: ld returned 1 exit status


Compiling the CXX compiler identification source file "CMakeCXXCompilerId.cpp" failed.
Compiler: /usr/local/bin/aarch64-none-elf-g++ 
Build flags: 
Id flags:  

The output was:
1
/Applications/ArmGNUToolchain/11.3.rel1/aarch64-none-elf/bin/../lib/gcc/aarch64-none-elf/11.3.1/../../../../aarch64-none-elf/bin/ld: /Applications/ArmGNUToolchain/11.3.rel1/aarch64-none-elf/bin/../lib/gcc/aarch64-none-elf/11.3.1/../../../../aarch64-none-elf/lib/libc.a(libc_a-exit.o): in function `exit':
/Volumes/data/jenkins/workspace/GNU-toolchain/arm-11/src/newlib-cygwin/newlib/libc/stdlib/exit.c:65: undefined reference to `_exit'
/Applications/ArmGNUToolchain/11.3.rel1/aarch64-none-elf/bin/../lib/gcc/aarch64-none-elf/11.3.1/../../../../aarch64-none-elf/bin/ld: /Applications/ArmGNUToolchain/11.3.rel1/aarch64-none-elf/bin/../lib/gcc/aarch64-none-elf/11.3.1/../../../../aarch64-none-elf/lib/libc.a(libc_a-closer.o): in function `_close_r':
/Volumes/data/jenkins/workspace/GNU-toolchain/arm-11/src/newlib-cygwin/newlib/libc/reent/closer.c:47: undefined reference to `_close'
/Applications/ArmGNUToolchain/11.3.rel1/aarch64-none-elf/bin/../lib/gcc/aarch64-none-elf/11.3.1/../../../../aarch64-none-elf/bin/ld: /Applications/ArmGNUToolchain/11.3.rel1/aarch64-none-elf/bin/../lib/gcc/aarch64-none-elf/11.3.1/../../../../aarch64-none-elf/lib/libc.a(libc_a-lseekr.o): in function `_lseek_r':
/Volumes/data/jenkins/workspace/GNU-toolchain/arm-11/src/newlib-cygwin/newlib/libc/reent/lseekr.c:49: undefined reference to `_lseek'
/Applications/ArmGNUToolchain/11.3.rel1/aarch64-none-elf/bin/../lib/gcc/aarch64-none-elf/11.3.1/../../../../aarch64-none-elf/bin/ld: /Applications/ArmGNUToolchain/11.3.rel1/aarch64-none-elf/bin/../lib/gcc/aarch64-none-elf/11.3.1/../../../../aarch64-none-elf/lib/libc.a(libc_a-readr.o): in function `_read_r':
/Volumes/data/jenkins/workspace/GNU-toolchain/arm-11/src/newlib-cygwin/newlib/libc/reent/readr.c:49: undefined reference to `_read'
/Applications/ArmGNUToolchain/11.3.rel1/aarch64-none-elf/bin/../lib/gcc/aarch64-none-elf/11.3.1/../../../../aarch64-none-elf/bin/ld: /Applications/ArmGNUToolchain/11.3.rel1/aarch64-none-elf/bin/../lib/gcc/aarch64-none-elf/11.3.1/../../../../aarch64-none-elf/lib/libc.a(libc_a-sbrkr.o): in function `_sbrk_r':
/Volumes/data/jenkins/workspace/GNU-toolchain/arm-11/src/newlib-cygwin/newlib/libc/reent/sbrkr.c:51: undefined reference to `_sbrk'
/Applications/ArmGNUToolchain/11.3.rel1/aarch64-none-elf/bin/../lib/gcc/aarch64-none-elf/11.3.1/../../../../aarch64-none-elf/bin/ld: /Applications/ArmGNUToolchain/11.3.rel1/aarch64-none-elf/bin/../lib/gcc/aarch64-none-elf/11.3.1/../../../../aarch64-none-elf/lib/libc.a(libc_a-writer.o): in function `_write_r':
/Volumes/data/jenkins/workspace/GNU-toolchain/arm-11/src/newlib-cygwin/newlib/libc/reent/writer.c:49: undefined reference to `_write'
collect2: error: ld returned 1 exit status


Detecting C compiler ABI info failed to compile with the following output:
Change Dir: /Users/stepanmocjak/Development/University/OS/SP/build/CMakeFiles/CMakeTmp

Run Build Command(s):/usr/local/bin/ninja cmTC_3f120 && [1/2] Building C object CMakeFiles/cmTC_3f120.dir/CMakeCCompilerABI.c.o
Using built-in specs.
COLLECT_GCC=/usr/local/bin/aarch64-none-elf-gcc
Target: aarch64-none-elf
Configured with: /Volumes/data/jenkins/workspace/GNU-toolchain/arm-11/src/gcc/configure --target=aarch64-none-elf --prefix=/Volumes/data/jenkins/workspace/GNU-toolchain/arm-11/build-aarch64-none-elf/install --with-gmp=/Volumes/data/jenkins/workspace/GNU-toolchain/arm-11/build-aarch64-none-elf/host-tools --with-mpfr=/Volumes/data/jenkins/workspace/GNU-toolchain/arm-11/build-aarch64-none-elf/host-tools --with-mpc=/Volumes/data/jenkins/workspace/GNU-toolchain/arm-11/build-aarch64-none-elf/host-tools --with-isl=/Volumes/data/jenkins/workspace/GNU-toolchain/arm-11/build-aarch64-none-elf/host-tools --disable-shared --disable-nls --disable-threads --disable-tls --enable-checking=release --enable-languages=c,c++,fortran --with-newlib --with-gnu-as --with-gnu-ld --with-sysroot=/Volumes/data/jenkins/workspace/GNU-toolchain/arm-11/build-aarch64-none-elf/install/aarch64-none-elf --with-pkgversion='Arm GNU Toolchain 11.3.Rel1' --with-bugurl=https://bugs.linaro.org/
Thread model: single
Supported LTO compression algorithms: zlib
gcc version 11.3.1 20220712 (Arm GNU Toolchain 11.3.Rel1) 
COLLECT_GCC_OPTIONS='-isysroot' '/Applications/Xcode.app/Contents/Developer/Platforms/MacOSX.platform/Developer/SDKs/MacOSX13.0.sdk' '-v' '-o' 'CMakeFiles/cmTC_3f120.dir/CMakeCCompilerABI.c.o' '-c' '-mlittle-endian' '-mabi=lp64' '-dumpdir' 'CMakeFiles/cmTC_3f120.dir/'
 /Applications/ArmGNUToolchain/11.3.rel1/aarch64-none-elf/bin/../libexec/gcc/aarch64-none-elf/11.3.1/cc1 -quiet -v -iprefix /Applications/ArmGNUToolchain/11.3.rel1/aarch64-none-elf/bin/../lib/gcc/aarch64-none-elf/11.3.1/ -isysroot /Applications/ArmGNUToolchain/11.3.rel1/aarch64-none-elf/bin/../aarch64-none-elf -isysroot /Applications/Xcode.app/Contents/Developer/Platforms/MacOSX.platform/Developer/SDKs/MacOSX13.0.sdk /usr/local/Cellar/cmake/3.23.2/share/cmake/Modules/CMakeCCompilerABI.c -quiet -dumpdir CMakeFiles/cmTC_3f120.dir/ -dumpbase CMakeCCompilerABI.c.c -dumpbase-ext .c -mlittle-endian -mabi=lp64 -version -o /var/folders/f6/6xcy12px0t9cr4b_mc_9w0s40000gn/T//ccLhDZab.s
GNU C17 (Arm GNU Toolchain 11.3.Rel1) version 11.3.1 20220712 (aarch64-none-elf)
	compiled by GNU C version Apple LLVM 12.0.0 (clang-1200.0.32.29), GMP version 6.2.1, MPFR version 3.1.6, MPC version 1.0.3, isl version isl-0.15-1-g835ea3a-GMP

GGC heuristics: --param ggc-min-expand=100 --param ggc-min-heapsize=131072
ignoring duplicate directory "/Applications/ArmGNUToolchain/11.3.rel1/aarch64-none-elf/bin/../lib/gcc/../../lib/gcc/aarch64-none-elf/11.3.1/include"
ignoring nonexistent directory "/Applications/Xcode.app/Contents/Developer/Platforms/MacOSX.platform/Developer/SDKs/MacOSX13.0.sdk/usr/local/include"
ignoring duplicate directory "/Applications/ArmGNUToolchain/11.3.rel1/aarch64-none-elf/bin/../lib/gcc/../../lib/gcc/aarch64-none-elf/11.3.1/include-fixed"
ignoring duplicate directory "/Applications/ArmGNUToolchain/11.3.rel1/aarch64-none-elf/bin/../lib/gcc/../../lib/gcc/aarch64-none-elf/11.3.1/../../../../aarch64-none-elf/include"
#include "..." search starts here:
#include <...> search starts here:
 /Applications/ArmGNUToolchain/11.3.rel1/aarch64-none-elf/bin/../lib/gcc/aarch64-none-elf/11.3.1/include
 /Applications/ArmGNUToolchain/11.3.rel1/aarch64-none-elf/bin/../lib/gcc/aarch64-none-elf/11.3.1/include-fixed
 /Applications/ArmGNUToolchain/11.3.rel1/aarch64-none-elf/bin/../lib/gcc/aarch64-none-elf/11.3.1/../../../../aarch64-none-elf/include
 /Applications/Xcode.app/Contents/Developer/Platforms/MacOSX.platform/Developer/SDKs/MacOSX13.0.sdk/usr/include
End of search list.
GNU C17 (Arm GNU Toolchain 11.3.Rel1) version 11.3.1 20220712 (aarch64-none-elf)
	compiled by GNU C version Apple LLVM 12.0.0 (clang-1200.0.32.29), GMP version 6.2.1, MPFR version 3.1.6, MPC version 1.0.3, isl version isl-0.15-1-g835ea3a-GMP

GGC heuristics: --param ggc-min-expand=100 --param ggc-min-heapsize=131072
Compiler executable checksum: d264e36fbda2905e63defde849d43da8
COLLECT_GCC_OPTIONS='-isysroot' '/Applications/Xcode.app/Contents/Developer/Platforms/MacOSX.platform/Developer/SDKs/MacOSX13.0.sdk' '-v' '-o' 'CMakeFiles/cmTC_3f120.dir/CMakeCCompilerABI.c.o' '-c' '-mlittle-endian' '-mabi=lp64' '-dumpdir' 'CMakeFiles/cmTC_3f120.dir/'
 /Applications/ArmGNUToolchain/11.3.rel1/aarch64-none-elf/bin/../lib/gcc/aarch64-none-elf/11.3.1/../../../../aarch64-none-elf/bin/as -v -EL -mabi=lp64 -o CMakeFiles/cmTC_3f120.dir/CMakeCCompilerABI.c.o /var/folders/f6/6xcy12px0t9cr4b_mc_9w0s40000gn/T//ccLhDZab.s
GNU assembler version 2.38 (aarch64-none-elf) using BFD version (Arm GNU Toolchain 11.3.Rel1) 2.38.20220708
COMPILER_PATH=/Applications/ArmGNUToolchain/11.3.rel1/aarch64-none-elf/bin/../libexec/gcc/aarch64-none-elf/11.3.1/:/Applications/ArmGNUToolchain/11.3.rel1/aarch64-none-elf/bin/../libexec/gcc/:/Applications/ArmGNUToolchain/11.3.rel1/aarch64-none-elf/bin/../lib/gcc/aarch64-none-elf/11.3.1/../../../../aarch64-none-elf/bin/
LIBRARY_PATH=/Applications/ArmGNUToolchain/11.3.rel1/aarch64-none-elf/bin/../lib/gcc/aarch64-none-elf/11.3.1/:/Applications/ArmGNUToolchain/11.3.rel1/aarch64-none-elf/bin/../lib/gcc/:/Applications/ArmGNUToolchain/11.3.rel1/aarch64-none-elf/bin/../lib/gcc/aarch64-none-elf/11.3.1/../../../../aarch64-none-elf/lib/:/Applications/ArmGNUToolchain/11.3.rel1/aarch64-none-elf/bin/../aarch64-none-elf/lib/
COLLECT_GCC_OPTIONS='-isysroot' '/Applications/Xcode.app/Contents/Developer/Platforms/MacOSX.platform/Developer/SDKs/MacOSX13.0.sdk' '-v' '-o' 'CMakeFiles/cmTC_3f120.dir/CMakeCCompilerABI.c.o' '-c' '-mlittle-endian' '-mabi=lp64' '-dumpdir' 'CMakeFiles/cmTC_3f120.dir/CMakeCCompilerABI.c.'
[2/2] Linking C executable cmTC_3f120
FAILED: cmTC_3f120 
: && /usr/local/bin/aarch64-none-elf-gcc -isysroot /Applications/Xcode.app/Contents/Developer/Platforms/MacOSX.platform/Developer/SDKs/MacOSX13.0.sdk -Wl,-search_paths_first -Wl,-headerpad_max_install_names -v -Wl,-v CMakeFiles/cmTC_3f120.dir/CMakeCCompilerABI.c.o -o cmTC_3f120   && :
Using built-in specs.
COLLECT_GCC=/usr/local/bin/aarch64-none-elf-gcc
COLLECT_LTO_WRAPPER=/Applications/ArmGNUToolchain/11.3.rel1/aarch64-none-elf/bin/../libexec/gcc/aarch64-none-elf/11.3.1/lto-wrapper
Target: aarch64-none-elf
Configured with: /Volumes/data/jenkins/workspace/GNU-toolchain/arm-11/src/gcc/configure --target=aarch64-none-elf --prefix=/Volumes/data/jenkins/workspace/GNU-toolchain/arm-11/build-aarch64-none-elf/install --with-gmp=/Volumes/data/jenkins/workspace/GNU-toolchain/arm-11/build-aarch64-none-elf/host-tools --with-mpfr=/Volumes/data/jenkins/workspace/GNU-toolchain/arm-11/build-aarch64-none-elf/host-tools --with-mpc=/Volumes/data/jenkins/workspace/GNU-toolchain/arm-11/build-aarch64-none-elf/host-tools --with-isl=/Volumes/data/jenkins/workspace/GNU-toolchain/arm-11/build-aarch64-none-elf/host-tools --disable-shared --disable-nls --disable-threads --disable-tls --enable-checking=release --enable-languages=c,c++,fortran --with-newlib --with-gnu-as --with-gnu-ld --with-sysroot=/Volumes/data/jenkins/workspace/GNU-toolchain/arm-11/build-aarch64-none-elf/install/aarch64-none-elf --with-pkgversion='Arm GNU Toolchain 11.3.Rel1' --with-bugurl=https://bugs.linaro.org/
Thread model: single
Supported LTO compression algorithms: zlib
gcc version 11.3.1 20220712 (Arm GNU Toolchain 11.3.Rel1) 
COMPILER_PATH=/Applications/ArmGNUToolchain/11.3.rel1/aarch64-none-elf/bin/../libexec/gcc/aarch64-none-elf/11.3.1/:/Applications/ArmGNUToolchain/11.3.rel1/aarch64-none-elf/bin/../libexec/gcc/:/Applications/ArmGNUToolchain/11.3.rel1/aarch64-none-elf/bin/../lib/gcc/aarch64-none-elf/11.3.1/../../../../aarch64-none-elf/bin/
LIBRARY_PATH=/Applications/ArmGNUToolchain/11.3.rel1/aarch64-none-elf/bin/../lib/gcc/aarch64-none-elf/11.3.1/:/Applications/ArmGNUToolchain/11.3.rel1/aarch64-none-elf/bin/../lib/gcc/:/Applications/ArmGNUToolchain/11.3.rel1/aarch64-none-elf/bin/../lib/gcc/aarch64-none-elf/11.3.1/../../../../aarch64-none-elf/lib/:/Applications/ArmGNUToolchain/11.3.rel1/aarch64-none-elf/bin/../aarch64-none-elf/lib/
COLLECT_GCC_OPTIONS='-isysroot' '/Applications/Xcode.app/Contents/Developer/Platforms/MacOSX.platform/Developer/SDKs/MacOSX13.0.sdk' '-v' '-o' 'cmTC_3f120' '-mlittle-endian' '-mabi=lp64' '-dumpdir' 'cmTC_3f120.'
 /Applications/ArmGNUToolchain/11.3.rel1/aarch64-none-elf/bin/../libexec/gcc/aarch64-none-elf/11.3.1/collect2 -plugin /Applications/ArmGNUToolchain/11.3.rel1/aarch64-none-elf/bin/../libexec/gcc/aarch64-none-elf/11.3.1/liblto_plugin.so -plugin-opt=/Applications/ArmGNUToolchain/11.3.rel1/aarch64-none-elf/bin/../libexec/gcc/aarch64-none-elf/11.3.1/lto-wrapper -plugin-opt=-fresolution=/var/folders/f6/6xcy12px0t9cr4b_mc_9w0s40000gn/T//ccHQPCUb.res -plugin-opt=-pass-through=-lgcc -plugin-opt=-pass-through=-lc -plugin-opt=-pass-through=-lgcc --sysroot=/Applications/ArmGNUToolchain/11.3.rel1/aarch64-none-elf/bin/../aarch64-none-elf -EL -X -maarch64elf -o cmTC_3f120 /Applications/ArmGNUToolchain/11.3.rel1/aarch64-none-elf/bin/../lib/gcc/aarch64-none-elf/11.3.1/crti.o /Applications/ArmGNUToolchain/11.3.rel1/aarch64-none-elf/bin/../lib/gcc/aarch64-none-elf/11.3.1/crtbegin.o /Applications/ArmGNUToolchain/11.3.rel1/aarch64-none-elf/bin/../lib/gcc/aarch64-none-elf/11.3.1/../../../../aarch64-none-elf/lib/crt0.o -L/Applications/ArmGNUToolchain/11.3.rel1/aarch64-none-elf/bin/../lib/gcc/aarch64-none-elf/11.3.1 -L/Applications/ArmGNUToolchain/11.3.rel1/aarch64-none-elf/bin/../lib/gcc -L/Applications/ArmGNUToolchain/11.3.rel1/aarch64-none-elf/bin/../lib/gcc/aarch64-none-elf/11.3.1/../../../../aarch64-none-elf/lib -L/Applications/ArmGNUToolchain/11.3.rel1/aarch64-none-elf/bin/../aarch64-none-elf/lib -search_paths_first -headerpad_max_install_names -v CMakeFiles/cmTC_3f120.dir/CMakeCCompilerABI.c.o -lgcc -lc -lgcc /Applications/ArmGNUToolchain/11.3.rel1/aarch64-none-elf/bin/../lib/gcc/aarch64-none-elf/11.3.1/crtend.o /Applications/ArmGNUToolchain/11.3.rel1/aarch64-none-elf/bin/../lib/gcc/aarch64-none-elf/11.3.1/crtn.o
collect2 version 11.3.1 20220712
/Applications/ArmGNUToolchain/11.3.rel1/aarch64-none-elf/bin/../lib/gcc/aarch64-none-elf/11.3.1/../../../../aarch64-none-elf/bin/ld -plugin /Applications/ArmGNUToolchain/11.3.rel1/aarch64-none-elf/bin/../libexec/gcc/aarch64-none-elf/11.3.1/liblto_plugin.so -plugin-opt=/Applications/ArmGNUToolchain/11.3.rel1/aarch64-none-elf/bin/../libexec/gcc/aarch64-none-elf/11.3.1/lto-wrapper -plugin-opt=-fresolution=/var/folders/f6/6xcy12px0t9cr4b_mc_9w0s40000gn/T//ccHQPCUb.res -plugin-opt=-pass-through=-lgcc -plugin-opt=-pass-through=-lc -plugin-opt=-pass-through=-lgcc --sysroot=/Applications/ArmGNUToolchain/11.3.rel1/aarch64-none-elf/bin/../aarch64-none-elf -EL -X -maarch64elf -o cmTC_3f120 /Applications/ArmGNUToolchain/11.3.rel1/aarch64-none-elf/bin/../lib/gcc/aarch64-none-elf/11.3.1/crti.o /Applications/ArmGNUToolchain/11.3.rel1/aarch64-none-elf/bin/../lib/gcc/aarch64-none-elf/11.3.1/crtbegin.o /Applications/ArmGNUToolchain/11.3.rel1/aarch64-none-elf/bin/../lib/gcc/aarch64-none-elf/11.3.1/../../../../aarch64-none-elf/lib/crt0.o -L/Applications/ArmGNUToolchain/11.3.rel1/aarch64-none-elf/bin/../lib/gcc/aarch64-none-elf/11.3.1 -L/Applications/ArmGNUToolchain/11.3.rel1/aarch64-none-elf/bin/../lib/gcc -L/Applications/ArmGNUToolchain/11.3.rel1/aarch64-none-elf/bin/../lib/gcc/aarch64-none-elf/11.3.1/../../../../aarch64-none-elf/lib -L/Applications/ArmGNUToolchain/11.3.rel1/aarch64-none-elf/bin/../aarch64-none-elf/lib -search_paths_first -headerpad_max_install_names -v CMakeFiles/cmTC_3f120.dir/CMakeCCompilerABI.c.o -lgcc -lc -lgcc /Applications/ArmGNUToolchain/11.3.rel1/aarch64-none-elf/bin/../lib/gcc/aarch64-none-elf/11.3.1/crtend.o /Applications/ArmGNUToolchain/11.3.rel1/aarch64-none-elf/bin/../lib/gcc/aarch64-none-elf/11.3.1/crtn.o
/Applications/ArmGNUToolchain/11.3.rel1/aarch64-none-elf/bin/../lib/gcc/aarch64-none-elf/11.3.1/../../../../aarch64-none-elf/bin/ld: Error: unable to disambiguate: -search_paths_first (did you mean --search_paths_first ?)
collect2: error: ld returned 1 exit status
ninja: build stopped: subcommand failed.




Determining if the C compiler works failed with the following output:
Change Dir: /Users/stepanmocjak/Development/University/OS/SP/build/CMakeFiles/CMakeTmp

Run Build Command(s):/usr/local/bin/ninja cmTC_9af72 && [1/2] Building C object CMakeFiles/cmTC_9af72.dir/testCCompiler.c.o
[2/2] Linking C executable cmTC_9af72
FAILED: cmTC_9af72 
: && /usr/local/bin/aarch64-none-elf-gcc -isysroot /Applications/Xcode.app/Contents/Developer/Platforms/MacOSX.platform/Developer/SDKs/MacOSX13.0.sdk -Wl,-search_paths_first -Wl,-headerpad_max_install_names  CMakeFiles/cmTC_9af72.dir/testCCompiler.c.o -o cmTC_9af72   && :
/Applications/ArmGNUToolchain/11.3.rel1/aarch64-none-elf/bin/../lib/gcc/aarch64-none-elf/11.3.1/../../../../aarch64-none-elf/bin/ld: Error: unable to disambiguate: -search_paths_first (did you mean --search_paths_first ?)
collect2: error: ld returned 1 exit status
ninja: build stopped: subcommand failed.



